make all --print-data-base --no-builtin-variables --no-builtin-rules --question
# GNU Make 4.2.1
# Built for x86_64-pc-linux-gnu
# Copyright (C) 1988-2016 Free Software Foundation, Inc.
# License GPLv3+: GNU GPL version 3 or later <http://gnu.org/licenses/gpl.html>
# This is free software: you are free to change and redistribute it.
# There is NO WARRANTY, to the extent permitted by law.

# Make data base, printed on Mon Dec 20 01:49:26 2021

# Variables

# 'override' directive
GNUMAKEFLAGS := 
# automatic
<D = $(patsubst %/,%,$(dir $<))
# automatic
?F = $(notdir $?)
# environment
PAPERSIZE = letter
# environment
DESKTOP_SESSION = ubuntu
# default
.SHELLFLAGS := -c
# environment
XDG_SESSION_CLASS = user
# environment
XDG_SESSION_TYPE = x11
# environment
VSCODE_LOG_NATIVE = false
# makefile (from 'Makefile', line 10)
DEPENDENCIES := 
# automatic
?D = $(patsubst %/,%,$(dir $?))
# environment
IM_CONFIG_PHASE = 1
# automatic
@D = $(patsubst %/,%,$(dir $@))
# environment
XAUTHORITY = /run/user/1000/gdm/Xauthority
# environment
GDMSESSION = ubuntu
# environment
XMODIFIERS = @im=fcitx
# makefile
CURDIR := /home/jun/Desktop/work_space/42tokyo/ft_containers
# makefile
SHELL = /bin/sh
# environment
VSCODE_NLS_CONFIG = {"locale":"en-us","availableLanguages":{},"_languagePackSupport":true}
# environment
_ = /usr/bin/dbus-update-activation-environment
# environment
JOURNAL_STREAM = 8:115027
# environment
XDG_CONFIG_DIRS = /etc/xdg/xdg-ubuntu:/etc/xdg
# makefile (from 'Makefile', line 1)
MAKEFILE_LIST :=  Makefile
# automatic
@F = $(notdir $@)
# environment
GIO_LAUNCHED_DESKTOP_FILE = /usr/share/applications/code.desktop
# environment
USERNAME = jun
# makefile (from 'Makefile', line 4)
OBJ_DIR := objs
# makefile (from 'Makefile', line 3)
CXXFLAGS := -Wall -Wextra -Werror -std=c++98 -g -fsanitize=address
# environment
MAKELEVEL := 0
# environment
MANDATORY_PATH = /usr/share/gconf/ubuntu.mandatory.path
# environment
XDG_DATA_DIRS = /usr/share/ubuntu:/home/jun/.local/share/flatpak/exports/share:/var/lib/flatpak/exports/share:/usr/local/share/:/usr/share/:/var/lib/snapd/desktop
# environment
DBUS_SESSION_BUS_ADDRESS = unix:path=/run/user/1000/bus
# environment
VSCODE_VERBOSE_LOGGING = true
# environment
MANAGERPID = 2802
# environment
CLUTTER_IM_MODULE = fcitx
# environment
VSCODE_IPC_HOOK_EXTHOST = /run/user/1000/vscode-ipc-8843e145-116a-4aa5-b162-49ea35c9ecff.sock
# environment
LC_NAME = en_US.UTF-8
# environment
VSCODE_CWD = /home/jun
# default
MAKE_HOST := x86_64-pc-linux-gnu
# environment
PATH = /home/jun/.poetry/bin:/home/jun/.cargo/bin:/home/jun/.local/bin:/home/jun/bin:/usr/local/sbin:/usr/local/bin:/usr/sbin:/usr/bin:/sbin:/bin:/usr/games:/usr/local/games:/snap/bin
# makefile (from 'Makefile', line 39)
GTESTDIR := ./google_test
# environment
GPG_AGENT_INFO = /run/user/1000/gnupg/S.gpg-agent:0:1
# environment
GJS_DEBUG_OUTPUT = stderr
# environment
SESSION_MANAGER = local/REMI:@/tmp/.ICE-unix/2972,unix/REMI:/tmp/.ICE-unix/2972
# environment
XDG_RUNTIME_DIR = /run/user/1000
# makefile (from 'Makefile', line 42)
TEST_DIR := ./test
# environment
XDG_MENU_PREFIX = gnome-
# environment
VSCODE_LOG_STACK = false
# environment
VSCODE_CRASH_REPORTER_START_OPTIONS = {"companyName":"Microsoft","productName":"VSCode","submitURL":"appcenter://code?aid=fba07a4d-84bd-4fc8-a125-9640fc8ce171&uid=31b025ee-9bbb-479f-a016-a3ae43a3a29a&iid=31b025ee-9bbb-479f-a016-a3ae43a3a29a&sid=31b025ee-9bbb-479f-a016-a3ae43a3a29a","uploadToServer":true}
# environment
INVOCATION_ID = 50f1baba61454e9dbf526a6cbb2a0023
# default
.FEATURES := target-specific order-only second-expansion else-if shortest-stem undefine oneshell archives jobserver output-sync check-symlink load
# environment
XDG_SESSION_DESKTOP = ubuntu
# environment
SSH_AUTH_SOCK = /run/user/1000/keyring/ssh
# environment
GIO_LAUNCHED_DESKTOP_FILE_PID = 6908
# automatic
%F = $(notdir $%)
# environment
DISPLAY = :0
# environment
GTK_IM_MODULE = fcitx
# environment
VSCODE_PIPE_LOGGING = true
# environment
PWD = /home/jun/Desktop/work_space/42tokyo/ft_containers
# default
.LOADED := 
# environment
SSH_AGENT_PID = 2916
# environment
ORIGINAL_XDG_CURRENT_DESKTOP = ubuntu:GNOME
# makefile (from 'Makefile', line 7)
SRC_DIR := srcs
# environment
GTK_MODULES = gail:atk-bridge
# environment
VSCODE_AMD_ENTRYPOINT = vs/workbench/services/extensions/node/extensionHostProcess
# environment
HOME = /home/jun
# environment
VSCODE_CODE_CACHE_PATH = /home/jun/.config/Code/CachedData/7db1a2b88f7557e0a43fec75b6ba7e50b3e9f77e
# environment
LOGNAME = jun
# environment
APPLICATION_INSIGHTS_NO_DIAGNOSTIC_CHANNEL = true
# automatic
+F = $(notdir $+)
# makefile (from 'Makefile', line 43)
SRCS_TEST := ./test/vector_test.cpp
# environment
VSCODE_HANDLES_UNCAUGHT_ERRORS = true
# environment
GNOME_DESKTOP_SESSION_ID = this-is-deprecated
# automatic
^D = $(patsubst %/,%,$(dir $^))
# environment
LC_TIME = en_US.UTF-8
# default
MAKE = $(MAKE_COMMAND)
# default
MAKECMDGOALS := all
# environment
QT_IM_MODULE = fcitx
# makefile (from 'Makefile', line 8)
SRCS := 
# environment
SHLVL = 0
# environment
GNOME_SHELL_SESSION_MODE = ubuntu
# default
MAKE_VERSION := 4.2.1
# environment
USER = jun
# environment
LC_MONETARY = en_US.UTF-8
# makefile
.DEFAULT_GOAL := all
# environment
XDG_CURRENT_DESKTOP = Unity
# makefile (from 'Makefile', line 5)
NAME := ft_containers
# automatic
%D = $(patsubst %/,%,$(dir $%))
# environment
LC_TELEPHONE = en_US.UTF-8
# makefile (from 'Makefile', line 40)
GTEST := ./google_test/gtest ./google_test/googletest-release-1.11.0
# default
MAKE_COMMAND := make
# default
.VARIABLES := 
# automatic
*F = $(notdir $*)
# environment
LANGUAGE = en_US:en
# environment
VSCODE_IPC_HOOK = /run/user/1000/vscode-0747b1a4-1.63.0-main.sock
# makefile
MAKEFLAGS = pqrR
# environment
MFLAGS = -pqrR
# automatic
*D = $(patsubst %/,%,$(dir $*))
# environment
BREAKPAD_DUMP_LOCATION = /home/jun/.config/Code/exthost Crash Reports
# automatic
+D = $(patsubst %/,%,$(dir $+))
# environment
GDK_BACKEND = x11
# environment
LC_PAPER = en_US.UTF-8
# environment
QT_ACCESSIBILITY = 1
# environment
DEFAULTS_PATH = /usr/share/gconf/ubuntu.default.path
# default
MAKEFILES := 
# environment
LC_NUMERIC = en_US.UTF-8
# automatic
<F = $(notdir $<)
# environment
ELECTRON_RUN_AS_NODE = 1
# makefile (from 'Makefile', line 1)
CXX := clang++
# environment
LC_MEASUREMENT = en_US.UTF-8
# environment
LC_ALL = C
# environment
QT4_IM_MODULE = fcitx
# environment
GJS_DEBUG_TOPICS = JS ERROR;JS LOG
# automatic
^F = $(notdir $^)
# default
SUFFIXES := 
# environment
CHROME_DESKTOP = code-url-handler.desktop
# environment
WINDOWPATH = 2
# default
.INCLUDE_DIRS = /usr/include /usr/local/include /usr/include
# environment
LC_IDENTIFICATION = en_US.UTF-8
# default
.RECIPEPREFIX := 
# makefile (from 'Makefile', line 9)
OBJECTS := 
# environment
LC_ADDRESS = en_US.UTF-8
# environment
LANG = C
# environment
VSCODE_PID = 6908
# variable set hash-table stats:
# Load=124/1024=12%, Rehash=0, Collisions=22/165=13%

# Pattern-specific Variable Values

# No pattern-specific variable values.

# Directories

# . (device 66306, inode 2565396): 14 files, no impossibilities.
# srcs (device 66306, inode 2565533): 9 files, no impossibilities.

# 23 files, no impossibilities in 2 directories.

# Implicit Rules

objs/%.o: %.cpp
#  recipe to execute (from 'Makefile', line 17):
	@mkdir -p $(@D)
	$(CXX) $(CXXFLAGS) -c $< -MMD -o $@
 

# 1 implicit rules, 0 (0.0%) terminal.

# Files

all: ft_containers
#  Phony target (prerequisite of .PHONY).
#  Command line target.
#  Implicit rule search has not been done.
#  File does not exist.
#  File has been updated.
#  Successfully updated.

.PHONY: all clean fclean re test
#  Implicit rule search has not been done.
#  Modification time never checked.
#  File has not been updated.

# Not a target:
Makefile:
#  Implicit rule search has been done.
#  Last modified 2021-12-20 01:49:11.954132836
#  File has been updated.
#  Successfully updated.

test: google_test/gtest google_test/googletest-release-1.11.0
#  Phony target (prerequisite of .PHONY).
#  Implicit rule search has not been done.
#  File does not exist.
#  File has not been updated.
#  recipe to execute (from 'Makefile', line 55):
	# Google Test require C++11
	clang++ -std=c++11 $(GTESTDIR)/googletest-release-1.11.0/googletest/src/gtest_main.cc $(GTESTDIR)/gtest/gtest-all.cc \
	-DDEBUG -g -fsanitize=integer -fsanitize=address \
	-I$(GTESTDIR) -I$(SRC_DIR) -lpthread $(SRCS_TEST) -o tester
	./tester
	rm tester

fclean: clean
#  Phony target (prerequisite of .PHONY).
#  Implicit rule search has not been done.
#  File does not exist.
#  File has not been updated.
#  recipe to execute (from 'Makefile', line 32):
	$(RM) $(NAME)

# Not a target:
.DEFAULT:
#  Implicit rule search has not been done.
#  Modification time never checked.
#  File has not been updated.

ft_containers:
#  Implicit rule search has not been done.
#  Last modified 2021-12-13 19:06:12.948177447
#  File has been updated.
#  Successfully updated.
#  recipe to execute (from 'Makefile', line 23):
	$(CXX) $(CXXFLAGS) -o $(NAME) $^

re: fclean all
#  Phony target (prerequisite of .PHONY).
#  Implicit rule search has not been done.
#  File does not exist.
#  File has not been updated.

clean:
#  Phony target (prerequisite of .PHONY).
#  Implicit rule search has not been done.
#  File does not exist.
#  File has not been updated.
#  recipe to execute (from 'Makefile', line 27):
	$(RM) $(OBJECTS) $(DEPENDENCIES)
	$(RM) -r $(OBJ_DIR)

google_test/gtest:
#  Implicit rule search has not been done.
#  Modification time never checked.
#  File has not been updated.
#  recipe to execute (from 'Makefile', line 46):
	mkdir -p $(GTESTDIR)
	curl -OL https://github.com/google/googletest/archive/refs/tags/release-1.11.0.tar.gz
	tar -xvzf release-1.11.0.tar.gz googletest-release-1.11.0
	rm -rf release-1.11.0.tar.gz
	python googletest-release-1.11.0/googletest/scripts/fuse_gtest_files.py $(GTESTDIR)
	mv googletest-release-1.11.0 $(GTESTDIR)

google_test/googletest-release-1.11.0:
#  Implicit rule search has not been done.
#  Modification time never checked.
#  File has not been updated.
#  recipe to execute (from 'Makefile', line 46):
	mkdir -p $(GTESTDIR)
	curl -OL https://github.com/google/googletest/archive/refs/tags/release-1.11.0.tar.gz
	tar -xvzf release-1.11.0.tar.gz googletest-release-1.11.0
	rm -rf release-1.11.0.tar.gz
	python googletest-release-1.11.0/googletest/scripts/fuse_gtest_files.py $(GTESTDIR)
	mv googletest-release-1.11.0 $(GTESTDIR)

# files hash-table stats:
# Load=12/1024=1%, Rehash=0, Collisions=0/43=0%
# VPATH Search Paths

# No 'vpath' search paths.

# No general ('VPATH' variable) search path.

# strcache buffers: 1 (0) / strings = 34 / storage = 371 B / avg = 10 B
# current buf: size = 8162 B / used = 371 B / count = 34 / avg = 10 B

# strcache performance: lookups = 72 / hit rate = 52%
# hash-table stats:
# Load=34/8192=0%, Rehash=0, Collisions=2/72=3%
# Finished Make data base on Mon Dec 20 01:49:26 2021

 
